<?xml version="1.0" encoding="UTF-8"?>
<testsuite name="demo.HelloGradleTest" tests="1" skipped="0" failures="0" errors="0" timestamp="2020-09-26T05:01:00" hostname="debian" time="0.001">
  <properties/>
  <testcase name="shouldPrintHelloToConsole" classname="demo.HelloGradleTest" time="0.001"/>
  <system-out><![CDATA[]]></system-out>
  <system-err><![CDATA[]]></system-err>
</testsuite>
